<?xml version="1.0" encoding="UTF-8"?>
<testsuite name="TestFizzBuzz" tests="4" skipped="0" failures="0" errors="0" timestamp="2021-07-17T15:32:18" hostname="TURAN-NOT" time="0.052">
  <properties/>
  <testcase name="testBuzz()" classname="TestFizzBuzz" time="0.04"/>
  <testcase name="testFizz()" classname="TestFizzBuzz" time="0.001"/>
  <testcase name="testNumber4FizzBuzz()" classname="TestFizzBuzz" time="0.002"/>
  <testcase name="testFizzBuzz()" classname="TestFizzBuzz" time="0.001"/>
  <system-out><![CDATA[]]></system-out>
  <system-err><![CDATA[]]></system-err>
</testsuite>
