<?xml version="1.0" encoding="UTF-8"?>
<testsuite name="TestFizzBuzz" tests="2" skipped="0" failures="0" errors="0" timestamp="2021-07-17T15:21:50" hostname="TURAN-NOT" time="0.041">
  <properties/>
  <testcase name="testFizz()" classname="TestFizzBuzz" time="0.038"/>
  <testcase name="testNumber4FizzBuzz()" classname="TestFizzBuzz" time="0.002"/>
  <system-out><![CDATA[]]></system-out>
  <system-err><![CDATA[]]></system-err>
</testsuite>
