<?xml version="1.0" encoding="UTF-8"?>
<testsuite name="TestFizzBuzz" tests="7" skipped="0" failures="0" errors="0" timestamp="2021-07-17T16:01:39" hostname="TURAN-NOT" time="0.104">
  <properties/>
  <testcase name="testBuzz()" classname="TestFizzBuzz" time="0.077"/>
  <testcase name="testFizz()" classname="TestFizzBuzz" time="0.001"/>
  <testcase name="testNumber4FizzBuzz()" classname="TestFizzBuzz" time="0.003"/>
  <testcase name="testFizzBuzz()" classname="TestFizzBuzz" time="0.002"/>
  <testcase name="testFizzContaining3()" classname="TestFizzBuzz" time="0.007"/>
  <testcase name="testNumber86FizzBuzz()" classname="TestFizzBuzz" time="0.001"/>
  <testcase name="testBuzzContaining5()" classname="TestFizzBuzz" time="0.001"/>
  <system-out><![CDATA[]]></system-out>
  <system-err><![CDATA[]]></system-err>
</testsuite>
